<?xml version="1.0" encoding="UTF-8"?>
<!-- Generated by org.testng.reporters.JUnitReportReporter -->
<testsuite hostname="DESKTOP-C53RSR6" failures="0" tests="1" name="TestClass" time="3.468" errors="0" timestamp="2020-10-31T14:35:00 MSK" skipped="0">
  <testcase classname="TestClass" name="verifySkillsTest" time="3.468"/>
  <system-out/>
</testsuite> <!-- TestClass -->
